<?xml version="1.0" encoding="UTF-8"?>
<testng-results skipped="0" failed="0" total="1" passed="1">
  <reporter-output>
  </reporter-output>
  <suite name="Default suite" duration-ms="18047" started-at="2020-08-04T14:14:38Z" finished-at="2020-08-04T14:14:56Z">
    <groups>
    </groups>
    <test name="Default test" duration-ms="18047" started-at="2020-08-04T14:14:38Z" finished-at="2020-08-04T14:14:56Z">
      <class name="abc.NewTest">
        <test-method status="PASS" signature="beforeClass()[pri:0, instance:abc.NewTest@475530b9]" name="beforeClass" is-config="true" duration-ms="7860" started-at="2020-08-04T19:44:38Z" finished-at="2020-08-04T19:44:46Z">
          <reporter-output>
          </reporter-output>
        </test-method> <!-- beforeClass -->
        <test-method status="PASS" signature="verifySearchButton()[pri:0, instance:abc.NewTest@475530b9]" name="verifySearchButton" duration-ms="9504" started-at="2020-08-04T19:44:46Z" finished-at="2020-08-04T19:44:55Z">
          <reporter-output>
          </reporter-output>
        </test-method> <!-- verifySearchButton -->
      </class> <!-- abc.NewTest -->
    </test> <!-- Default test -->
  </suite> <!-- Default suite -->
</testng-results>
